<?xml version="1.0" encoding="UTF-8"?>
<testng-results ignored="0" total="1" passed="1" failed="0" skipped="0">
  <reporter-output>
  </reporter-output>
  <suite started-at="2023-08-29T14:05:38 IST" name="demoqa" finished-at="2023-08-29T14:06:01 IST" duration-ms="22657">
    <groups>
      <group name="functional">
        <method signature="OpenBrowserAndURL.openBrowserAndURL()[pri:0, instance:testcases.OpenBrowserAndURL@60f7cc1d]" name="openBrowserAndURL" class="testcases.OpenBrowserAndURL"/>
      </group> <!-- functional -->
      <group name="regression">
        <method signature="OpenBrowserAndURL.openBrowserAndURL()[pri:0, instance:testcases.OpenBrowserAndURL@60f7cc1d]" name="openBrowserAndURL" class="testcases.OpenBrowserAndURL"/>
      </group> <!-- regression -->
      <group name="smoke">
        <method signature="OpenBrowserAndURL.openBrowserAndURL()[pri:0, instance:testcases.OpenBrowserAndURL@60f7cc1d]" name="openBrowserAndURL" class="testcases.OpenBrowserAndURL"/>
      </group> <!-- smoke -->
      <group name="sanity">
        <method signature="OpenBrowserAndURL.openBrowserAndURL()[pri:0, instance:testcases.OpenBrowserAndURL@60f7cc1d]" name="openBrowserAndURL" class="testcases.OpenBrowserAndURL"/>
      </group> <!-- sanity -->
    </groups>
    <test started-at="2023-08-29T14:05:38 IST" name="TestBox" finished-at="2023-08-29T14:06:01 IST" duration-ms="22657">
      <class name="testcases.OpenBrowserAndURL">
        <test-method signature="openBrowserAndURL()[pri:0, instance:testcases.OpenBrowserAndURL@60f7cc1d]" started-at="2023-08-29T14:05:38 IST" name="openBrowserAndURL" finished-at="2023-08-29T14:06:00 IST" duration-ms="21446" status="PASS">
          <reporter-output>
          </reporter-output>
        </test-method> <!-- openBrowserAndURL -->
      </class> <!-- testcases.OpenBrowserAndURL -->
    </test> <!-- TestBox -->
  </suite> <!-- demoqa -->
</testng-results>
